LINE ADDR CONTENTS SOURCE LINE
  1.              	.equ	@,$000
  2.              	.equ	arr_length, 6
  3.              	
  4.  000 010006  	ldx#	arr_length	; load arr_length = 6
  5.  001 150001  	sbx#	1	; subtract 1
  6.  002 052025  	stx	high	; high = numArr - 1
  7.  003 012027  loop1:	ldx	low	; load low = 0
  8.  004 212025  loop3:	cmx	high	; low ? high
  9.  005 4D2022  	jgt	jump2	; low > high go to jump2
 10.  006 012025  	ldx	high	; load high
 11.  007 112027  	adx	low	; low + high
 12.  008 052028  	stx	temp	; temp = low + high
 13.  009 FFF003  	txa
 14.  00A 192029  	div	division	; divided by 2
 15.  00B FFF000  	tax
 16.  00C 052026  	stx	mid	; mid = temp / 2
 17.  00D 004102  	lda+	x	; ACC = x[mid]
 18.  00E 202100  loop2:	cma	searchValue	; x[mid] ? searchValue
 19.  00F 482020  	jeq	jump1	; x[mid] == searchValue go to jump1
 20.  010 012026  	ldx	mid	; load mid
 21.  011 004102  	lda+	x	; ACC = x[mid]
 22.  012 202100  	cma	searchValue	; x[mid] ? searchValue
 23.  013 4D2015  	jgt	jump3	; x[mid] > searchValue go to jump3
 24.  014 4A201B  	jlt	jump4	; x[mid] < searchValue go to jump2
 25.              
 26.  015 012026  jump3:	ldx 	mid	; load mid
 27.  016 150001  	sbx#	1	; subtract 1
 28.  017 052025  	stx	high	; high = mid - 1
 29.  018 212027  	cmx	low	; high ? low
 30.  019 4A2022  	jlt	jump2	; high < low go to jump2
 31.  01A 402003  	jmp	loop1	; go to loop1
 32.              
 33.  01B 012026  jump4:	ldx	mid	; load mid
 34.  01C 110001  	adx#	1	; add 1
 35.  01D 052027  	stx	low	; low = mid + 1
 36.  01E 012027  	ldx	low	; load low
 37.  01F 402004  	jmp	loop3	; go to loop3
 38.              
 39.  020 000001  jump1:	lda#	1	; ACC = 1
 40.  021 402024  	jmp	end	; go to end
 41.              
 42.  022 000000  jump2:	lda#	0	; ACC = 0
 43.  023 402024  	jmp	end	; go to end
 44.              
 45.              
 46.  024 FFFFFF  end:	hlt
 47.  025 000000  high:	.word	0
 48.  026 000000  mid:	.word	0
 49.  027 000000  low:	.word	0
 50.  028 000000  temp:	.word	0
 51.  029 000002  division:	.word	2
 52.  02A 000000  index:	.word	0
 53.              
 54.              	.equ	@,$100
 55.  100 FFFFF7  searchValue:	.word	-9
 56.  101 000006  numArr:	.word	arr_length
 57.  102 FFFEA7  x:	.word	-345
 58.  103 FFFF9E  	.word	-98
 59.  104 00006D  	.word	109
 60.  105 000613  	.word	1555
 61.  106 0018BC  	.word	6332
 62.  107 0081AA  	.word	33194
 63.              	
 64.              	
 65.              	

                     SYMBOL TABLE CONTENTS

000006 = ARR_LENGTH      000029 = DIVISION        000024 = END             
000025 = HIGH            00002A = INDEX           000020 = JUMP1           
000022 = JUMP2           000015 = JUMP3           00001B = JUMP4           
000003 = LOOP1           00000E = LOOP2           000004 = LOOP3           
000027 = LOW             000026 = MID             000101 = NUMARR          
000100 = SEARCHVALUE     000028 = TEMP            000102 = X               
