LINE ADDR CONTENTS SOURCE LINE
  1.              	.equ	@,$000
  2.              	.equ	arr_length, 6
  3.  000 012026  	ldx	i	; i = 0
  4.  001 210006  loop1:	cmx#	arr_length	; i ? arr_length
  5.  002 4B2025  	jge	end	
  6.  003 012026  	ldx	i	; load i
  7.  004 004101  	lda+	x	; ACC = x[i]
  8.  005 042028  	sta	value	; value = x[i]
  9.  006 002028  	lda 	value	; value = x[i]
 10.  007 012026  	ldx 	i	; load i
 11.  008 052027  	stx	index	; index = i
 12.  009 012027  	ldx	index	; index = i
 13.  00A 210000  loop2:	cmx#	0	; index ? 0
 14.  00B 4C201E  	jle	jump1	; index <= 0 go to jump1
 15.  00C 012027  	ldx	index	; load index  
 16.  00D 05202A  	stx	j	; j = index
 17.  00E 01202A  	ldx	j	; j = index
 18.  00F 150001  	sbx#	1	; subtract 1
 19.  010 05202A  	stx	j	; j = index - 1
 20.  011 004101  	lda+	x	; x[j]
 21.  012 042029  	sta	temp	; temp = x[j]
 22.  013 002029  	lda	temp	; load temp
 23.  014 202028  	cma	value	; x[j] ? value
 24.  015 4C201E  	jle	jump1	; x[j] <= value go to jump1
 25.  016 402017  	jmp 	jump2	; jump to jump2
 26.              
 27.              
 28.              
 29.              
 30.  017 002029  jump2:	lda 	temp	;load temp
 31.  018 012027  	ldx	index	
 32.  019 044101  	sta+	x	; x[index] = temp
 33.  01A 004101  	lda+	x	; load x[index]
 34.  01B 1C2027  	dec	index	; index = index - 1
 35.  01C 012027  	ldx	index	; load index
 36.  01D 40200A  	jmp	loop2	; jump to loop2
 37.              
 38.              
 39.              
 40.  01E 002028  jump1:	lda 	value	; load value
 41.  01F 012027  	ldx	index	
 42.  020 044101  	sta+	x	; x[index] = value
 43.  021 004101  	lda+	x	
 44.  022 1B2026  	inc	i	; i = i - 1
 45.  023 012026  	ldx	i 	; load i
 46.  024 402001  	jmp	loop1 	; jump to loop1
 47.              	
 48.              
 49.              
 50.  025 FFFFFF  end:	hlt
 51.  026 000000  i:	.word	0
 52.  027 000000  index:	.word	0
 53.  028 000000  value:	.word	0
 54.  029 000000  temp:	.word	0
 55.  02A 000000  j:	.word	0
 56.              
 57.              
 58.              	.equ	@, $100
 59.  100 000006  numArr:	.word	arr_length
 60.  101 000064  x:	.word	100
 61.  102 00004A  	.word	74
 62.  103 FFFF70  	.word	-144	
 63.  104 002726  	.word	10022
 64.  105 000291  	.word	657
 65.  106 FFFFDF  	.word	-33

                     SYMBOL TABLE CONTENTS

000006 = ARR_LENGTH      000025 = END             000026 = I               
000027 = INDEX           00002A = J               00001E = JUMP1           
000017 = JUMP2           000001 = LOOP1           00000A = LOOP2           
000100 = NUMARR          000029 = TEMP            000028 = VALUE           
000101 = X               